<?xml version="1.0" encoding="UTF-8"?>
<!-- Generated by org.testng.reporters.JUnitXMLReporter -->
<testsuite ignored="0" hostname="DESKTOP-BNIRTNQ" failures="1" tests="1" name="FirefoxTest" time="14.854" errors="0" timestamp="2022-04-14T20:48:46 IST">
  <testcase classname="com.sauceDemo.TestClasses.TC01LoginFunctionality" name="verifyLoginFunctionality" time="0.5">
    <failure type="java.lang.AssertionError" message="expected [://www.saucedemo.com/inventory.html] but found [https://www.saucedemo.com/inventory.html]">
      <![CDATA[java.lang.AssertionError: expected [://www.saucedemo.com/inventory.html] but found [https://www.saucedemo.com/inventory.html]
at com.sauceDemo.TestClasses.TC01LoginFunctionality.verifyLoginFunctionality(TC01LoginFunctionality.java:22)
at java.base/java.util.ArrayList.forEach(ArrayList.java:1511)
... Removed 33 stack frames]]>
    </failure>
  </testcase> <!-- verifyLoginFunctionality -->
</testsuite> <!-- FirefoxTest -->
