<?xml version="1.0" encoding="UTF-8"?>
<!-- Generated by org.testng.reporters.JUnitXMLReporter -->
<testsuite ignored="0" hostname="DESKTOP-BNIRTNQ" failures="0" tests="4" name="Test" time="0.963" errors="0" timestamp="2022-04-13T19:24:05 IST">
  <testcase classname="com.sauceDemo.TestClasses.TestBaseClass" name="@BeforeMethod setUpMethod" time="-1.649858044967E9">
    <failure type="org.testng.TestNGException" message="
Parameter &amp;apos;browserName&amp;apos; is required by BeforeMethod on method setUpMethod but has not been marked @Optional or defined
in D:\Back-up Data\main eclipse space\SauceDemo08JanV1\testng.xml">
      <![CDATA[org.testng.TestNGException: 
Parameter 'browserName' is required by BeforeMethod on method setUpMethod but has not been marked @Optional or defined
in D:\Back-up Data\main eclipse space\SauceDemo08JanV1\testng.xml
at java.base/java.util.ArrayList.forEach(ArrayList.java:1511)
... Removed 28 stack frames]]>
    </failure>
  </testcase> <!-- @BeforeMethod setUpMethod -->
  <testcase classname="com.sauceDemo.TestClasses.TestBaseClass" name="@AfterMethod tearDownMethod" time="-1.649858045068E9">
    <skipped/>
  </testcase> <!-- @AfterMethod tearDownMethod -->
  <testcase classname="com.sauceDemo.TestClasses.TestBaseClass" name="@BeforeMethod setUpMethod" time="-1.649858045114E9">
    <failure type="org.testng.TestNGException" message="
Parameter &amp;apos;browserName&amp;apos; is required by BeforeMethod on method setUpMethod but has not been marked @Optional or defined
in D:\Back-up Data\main eclipse space\SauceDemo08JanV1\testng.xml">
      <![CDATA[org.testng.TestNGException: 
Parameter 'browserName' is required by BeforeMethod on method setUpMethod but has not been marked @Optional or defined
in D:\Back-up Data\main eclipse space\SauceDemo08JanV1\testng.xml
at java.base/java.util.ArrayList.forEach(ArrayList.java:1511)
... Removed 28 stack frames]]>
    </failure>
  </testcase> <!-- @BeforeMethod setUpMethod -->
  <testcase classname="com.sauceDemo.TestClasses.TestBaseClass" name="@AfterMethod tearDownMethod" time="-1.649858045176E9">
    <skipped/>
  </testcase> <!-- @AfterMethod tearDownMethod -->
  <testcase classname="com.sauceDemo.TestClasses.TestBaseClass" name="@BeforeMethod setUpMethod" time="-1.649858045206E9">
    <failure type="org.testng.TestNGException" message="
Parameter &amp;apos;browserName&amp;apos; is required by BeforeMethod on method setUpMethod but has not been marked @Optional or defined
in D:\Back-up Data\main eclipse space\SauceDemo08JanV1\testng.xml">
      <![CDATA[org.testng.TestNGException: 
Parameter 'browserName' is required by BeforeMethod on method setUpMethod but has not been marked @Optional or defined
in D:\Back-up Data\main eclipse space\SauceDemo08JanV1\testng.xml
at java.base/java.util.ArrayList.forEach(ArrayList.java:1511)
... Removed 28 stack frames]]>
    </failure>
  </testcase> <!-- @BeforeMethod setUpMethod -->
  <testcase classname="com.sauceDemo.TestClasses.TestBaseClass" name="@AfterMethod tearDownMethod" time="-1.649858045295E9">
    <skipped/>
  </testcase> <!-- @AfterMethod tearDownMethod -->
  <testcase classname="com.sauceDemo.TestClasses.TestBaseClass" name="@BeforeMethod setUpMethod" time="-1.649858045313E9">
    <failure type="org.testng.TestNGException" message="
Parameter &amp;apos;browserName&amp;apos; is required by BeforeMethod on method setUpMethod but has not been marked @Optional or defined
in D:\Back-up Data\main eclipse space\SauceDemo08JanV1\testng.xml">
      <![CDATA[org.testng.TestNGException: 
Parameter 'browserName' is required by BeforeMethod on method setUpMethod but has not been marked @Optional or defined
in D:\Back-up Data\main eclipse space\SauceDemo08JanV1\testng.xml
at java.base/java.util.ArrayList.forEach(ArrayList.java:1511)
... Removed 28 stack frames]]>
    </failure>
  </testcase> <!-- @BeforeMethod setUpMethod -->
  <testcase classname="com.sauceDemo.TestClasses.TestBaseClass" name="@AfterMethod tearDownMethod" time="-1.649858045378E9">
    <skipped/>
  </testcase> <!-- @AfterMethod tearDownMethod -->
  <testcase classname="com.sauceDemo.TestClasses.TC02AddToCartFunctionalitySingleProduct" name="verifyAddToCartFunctionality" time="0.0">
    <skipped/>
  </testcase> <!-- verifyAddToCartFunctionality -->
  <testcase classname="com.sauceDemo.TestClasses.TC01LoginFunctionality" name="verifyLoginFunctionality" time="0.0">
    <skipped/>
  </testcase> <!-- verifyLoginFunctionality -->
  <testcase classname="com.sauceDemo.TestClasses.TC03LogOutFunctionality" name="verifyLogOutFunctionality" time="0.0">
    <skipped/>
  </testcase> <!-- verifyLogOutFunctionality -->
  <testcase classname="com.sauceDemo.TestClasses.TC04AddToCartFunctionalityMultipleProduct" name="verifyAddToCartFunctionalityMultipleProduct" time="0.0">
    <skipped/>
  </testcase> <!-- verifyAddToCartFunctionalityMultipleProduct -->
</testsuite> <!-- Test -->
